c:\users\jun\desktop\viewer\viewer\x64\release\viewer.pch
c:\users\jun\desktop\viewer\viewer\x64\release\vc140.pdb
c:\users\jun\desktop\viewer\viewer\x64\release\stdafx.obj
c:\users\jun\desktop\viewer\viewer\x64\release\viewerdlg.obj
c:\users\jun\desktop\viewer\viewer\x64\release\viewer.obj
c:\users\jun\desktop\viewer\viewer\x64\release\videostitching.obj
c:\users\jun\desktop\viewer\viewer\x64\release\videopanorama.obj
c:\users\jun\desktop\viewer\viewer\x64\release\video.obj
c:\users\jun\desktop\viewer\viewer\x64\release\util.obj
c:\users\jun\desktop\viewer\viewer\x64\release\settingstitchdlg.obj
c:\users\jun\desktop\viewer\viewer\x64\release\objectdetection.obj
c:\users\jun\desktop\viewer\viewer\x64\release\imagestitch.obj
c:\users\jun\desktop\viewer\x64\release\viewer.exe
c:\users\jun\desktop\viewer\x64\release\viewer.ipdb
c:\users\jun\desktop\viewer\x64\release\viewer.iobj
c:\users\jun\desktop\viewer\x64\release\viewer.pdb
c:\users\jun\desktop\viewer\viewer\x64\release\viewer.res
c:\users\jun\desktop\viewer\viewer\x64\release\viewer.tlog\cl.command.1.tlog
c:\users\jun\desktop\viewer\viewer\x64\release\viewer.tlog\cl.read.1.tlog
c:\users\jun\desktop\viewer\viewer\x64\release\viewer.tlog\cl.write.1.tlog
c:\users\jun\desktop\viewer\viewer\x64\release\viewer.tlog\link.command.1.tlog
c:\users\jun\desktop\viewer\viewer\x64\release\viewer.tlog\link.read.1.tlog
c:\users\jun\desktop\viewer\viewer\x64\release\viewer.tlog\link.write.1.tlog
c:\users\jun\desktop\viewer\viewer\x64\release\viewer.tlog\rc.command.1.tlog
c:\users\jun\desktop\viewer\viewer\x64\release\viewer.tlog\rc.read.1.tlog
c:\users\jun\desktop\viewer\viewer\x64\release\viewer.tlog\rc.write.1.tlog
