  stdafx.cpp
c:\program files (x86)\microsoft visual studio 14.0\vc\atlmfc\include\afx.h(38): warning C4996: 'MBCS_Support_Deprecated_In_MFC': MBCS support in MFC is deprecated and may be removed in a future version of MFC.
  c:\program files (x86)\microsoft visual studio 14.0\vc\atlmfc\include\afx.h(33): note: 'MBCS_Support_Deprecated_In_MFC' 선언을 참조하십시오.
  ViewerDlg.cpp
c:\users\jun\desktop\viewer2\viewer\viewer\viewerdlg.h(7): fatal error C1083: 포함 파일을 열 수 없습니다. 'opencv2\opencv.hpp': No such file or directory
  Viewer.cpp
c:\users\jun\desktop\viewer2\viewer\viewer\viewerdlg.h(7): fatal error C1083: 포함 파일을 열 수 없습니다. 'opencv2\opencv.hpp': No such file or directory
  VideoStitching.cpp
c:\users\jun\desktop\viewer2\viewer\viewer\videostitching.h(4): fatal error C1083: 포함 파일을 열 수 없습니다. 'opencv2\opencv.hpp': No such file or directory
  VideoPanorama.cpp
c:\users\jun\desktop\viewer2\viewer\viewer\util.h(6): fatal error C1083: 포함 파일을 열 수 없습니다. 'opencv2\opencv.hpp': No such file or directory
  Video.cpp
c:\users\jun\desktop\viewer2\viewer\viewer\util.h(6): fatal error C1083: 포함 파일을 열 수 없습니다. 'opencv2\opencv.hpp': No such file or directory
  util.cpp
c:\users\jun\desktop\viewer2\viewer\viewer\util.h(6): fatal error C1083: 포함 파일을 열 수 없습니다. 'opencv2\opencv.hpp': No such file or directory
  SettingStitchDlg.cpp
  ObjectDetection.cpp
c:\users\jun\desktop\viewer2\viewer\viewer\util.h(6): fatal error C1083: 포함 파일을 열 수 없습니다. 'opencv2\opencv.hpp': No such file or directory
  ImageStitch.cpp
c:\users\jun\desktop\viewer2\viewer\viewer\util.h(6): fatal error C1083: 포함 파일을 열 수 없습니다. 'opencv2\opencv.hpp': No such file or directory
  코드를 생성하고 있습니다...
